2024-06-20T12:06:17.069+02:00 ERROR 5048 --- [restartedMain] o.s.boot.SpringApplication               : Application run failed

java.lang.IllegalStateException: java.lang.IllegalStateException: Logback configuration error detected: 
ERROR in ch.qos.logback.classic.pattern.LoggerConverter@722d9d0c - failed to parse integer string [1.] java.lang.NumberFormatException: For input string: "1."
	at org.springframework.boot.context.logging.LoggingApplicationListener.initializeSystem(LoggingApplicationListener.java:347)
	at org.springframework.boot.context.logging.LoggingApplicationListener.initialize(LoggingApplicationListener.java:298)
	at org.springframework.boot.context.logging.LoggingApplicationListener.onApplicationEnvironmentPreparedEvent(LoggingApplicationListener.java:246)
	at org.springframework.boot.context.logging.LoggingApplicationListener.onApplicationEvent(LoggingApplicationListener.java:223)
	at org.springframework.context.event.SimpleApplicationEventMulticaster.doInvokeListener(SimpleApplicationEventMulticaster.java:185)
	at org.springframework.context.event.SimpleApplicationEventMulticaster.invokeListener(SimpleApplicationEventMulticaster.java:178)
	at org.springframework.context.event.SimpleApplicationEventMulticaster.multicastEvent(SimpleApplicationEventMulticaster.java:156)
	at org.springframework.context.event.SimpleApplicationEventMulticaster.multicastEvent(SimpleApplicationEventMulticaster.java:138)
	at org.springframework.boot.context.event.EventPublishingRunListener.multicastInitialEvent(EventPublishingRunListener.java:136)
	at org.springframework.boot.context.event.EventPublishingRunListener.environmentPrepared(EventPublishingRunListener.java:81)
	at org.springframework.boot.SpringApplicationRunListeners.lambda$environmentPrepared$2(SpringApplicationRunListeners.java:64)
	at java.base/java.lang.Iterable.forEach(Iterable.java:75)
	at org.springframework.boot.SpringApplicationRunListeners.doWithListeners(SpringApplicationRunListeners.java:118)
	at org.springframework.boot.SpringApplicationRunListeners.doWithListeners(SpringApplicationRunListeners.java:112)
	at org.springframework.boot.SpringApplicationRunListeners.environmentPrepared(SpringApplicationRunListeners.java:63)
	at org.springframework.boot.SpringApplication.prepareEnvironment(SpringApplication.java:370)
	at org.springframework.boot.SpringApplication.run(SpringApplication.java:330)
	at org.springframework.boot.SpringApplication.run(SpringApplication.java:1363)
	at org.springframework.boot.SpringApplication.run(SpringApplication.java:1352)
	at com.example.Logging.LoggingApplication.main(LoggingApplication.java:10)
	at java.base/jdk.internal.reflect.DirectMethodHandleAccessor.invoke(DirectMethodHandleAccessor.java:103)
	at java.base/java.lang.reflect.Method.invoke(Method.java:580)
	at org.springframework.boot.devtools.restart.RestartLauncher.run(RestartLauncher.java:50)
Caused by: java.lang.IllegalStateException: Logback configuration error detected: 
ERROR in ch.qos.logback.classic.pattern.LoggerConverter@722d9d0c - failed to parse integer string [1.] java.lang.NumberFormatException: For input string: "1."
	at org.springframework.boot.logging.logback.LogbackLoggingSystem.reportConfigurationErrorsIfNecessary(LogbackLoggingSystem.java:282)
	at org.springframework.boot.logging.logback.LogbackLoggingSystem.loadConfiguration(LogbackLoggingSystem.java:260)
	at org.springframework.boot.logging.AbstractLoggingSystem.initializeWithConventions(AbstractLoggingSystem.java:81)
	at org.springframework.boot.logging.AbstractLoggingSystem.initialize(AbstractLoggingSystem.java:61)
	at org.springframework.boot.logging.logback.LogbackLoggingSystem.initialize(LogbackLoggingSystem.java:193)
	at org.springframework.boot.context.logging.LoggingApplicationListener.initializeSystem(LoggingApplicationListener.java:332)
	... 22 common frames omitted
	Suppressed: java.lang.NumberFormatException: For input string: "1."
		at java.base/java.lang.NumberFormatException.forInputString(NumberFormatException.java:67)
		at java.base/java.lang.Integer.parseInt(Integer.java:662)
		at java.base/java.lang.Integer.parseInt(Integer.java:778)
		at ch.qos.logback.classic.pattern.NamedConverter.start(NamedConverter.java:92)
		at ch.qos.logback.core.pattern.ConverterUtil.startConverters(ConverterUtil.java:37)
		at ch.qos.logback.core.pattern.ConverterUtil.startConverters(ConverterUtil.java:33)
		at ch.qos.logback.core.pattern.PatternLayoutBase.start(PatternLayoutBase.java:90)
		at ch.qos.logback.classic.encoder.PatternLayoutEncoder.start(PatternLayoutEncoder.java:28)
		at ch.qos.logback.core.model.processor.ImplicitModelHandler.postHandleComplex(ImplicitModelHandler.java:207)
		at ch.qos.logback.core.model.processor.ImplicitModelHandler.postHandle(ImplicitModelHandler.java:186)
		at ch.qos.logback.core.model.processor.DefaultProcessor.secondPhaseTraverse(DefaultProcessor.java:257)
		at ch.qos.logback.core.model.processor.DefaultProcessor.secondPhaseTraverse(DefaultProcessor.java:253)
		at ch.qos.logback.core.model.processor.DefaultProcessor.secondPhaseTraverse(DefaultProcessor.java:253)
		at ch.qos.logback.core.model.processor.DefaultProcessor.secondPhaseTraverse(DefaultProcessor.java:253)
		at ch.qos.logback.core.model.processor.DefaultProcessor.secondPhaseTraverse(DefaultProcessor.java:253)
		at ch.qos.logback.core.model.processor.DefaultProcessor.traversalLoop(DefaultProcessor.java:90)
		at ch.qos.logback.core.model.processor.DefaultProcessor.process(DefaultProcessor.java:106)
		at ch.qos.logback.core.joran.GenericXMLConfigurator.processModel(GenericXMLConfigurator.java:216)
		at org.springframework.boot.logging.logback.SpringBootJoranConfigurator.processModel(SpringBootJoranConfigurator.java:132)
		at ch.qos.logback.core.joran.GenericXMLConfigurator.doConfigure(GenericXMLConfigurator.java:178)
		at ch.qos.logback.core.joran.GenericXMLConfigurator.doConfigure(GenericXMLConfigurator.java:123)
		at ch.qos.logback.core.joran.GenericXMLConfigurator.doConfigure(GenericXMLConfigurator.java:66)
		at org.springframework.boot.logging.logback.LogbackLoggingSystem.configureByResourceUrl(LogbackLoggingSystem.java:292)
		at org.springframework.boot.logging.logback.LogbackLoggingSystem.lambda$loadConfiguration$1(LogbackLoggingSystem.java:254)
		at org.springframework.boot.logging.logback.LogbackLoggingSystem.withLoggingSuppressed(LogbackLoggingSystem.java:472)
		at org.springframework.boot.logging.logback.LogbackLoggingSystem.loadConfiguration(LogbackLoggingSystem.java:248)
		... 26 common frames omitted

2024-06-20T12:11:00.917+02:00  INFO 7284 --- [logging] [restartedMain] com.example.Logging.LoggingApplication   : Starting LoggingApplication using Java 21.0.3 with PID 7284 (C:\Users\picci\Desktop\Logging\target\classes started by picci in C:\Users\picci\Desktop\Logging)
2024-06-20T12:11:00.920+02:00  INFO 7284 --- [logging] [restartedMain] com.example.Logging.LoggingApplication   : No active profile set, falling back to 1 default profile: "default"
2024-06-20T12:11:01.027+02:00  INFO 7284 --- [logging] [restartedMain] .e.DevToolsPropertyDefaultsPostProcessor : Devtools property defaults active! Set 'spring.devtools.add-properties' to 'false' to disable
2024-06-20T12:11:01.028+02:00  INFO 7284 --- [logging] [restartedMain] .e.DevToolsPropertyDefaultsPostProcessor : For additional web related logging consider setting the 'logging.level.web' property to 'DEBUG'
2024-06-20T12:11:02.823+02:00  INFO 7284 --- [logging] [restartedMain] o.s.b.w.embedded.tomcat.TomcatWebServer  : Tomcat initialized with port 8080 (http)
2024-06-20T12:11:02.846+02:00  INFO 7284 --- [logging] [restartedMain] o.apache.catalina.core.StandardService   : Starting service [Tomcat]
2024-06-20T12:11:02.846+02:00  INFO 7284 --- [logging] [restartedMain] o.apache.catalina.core.StandardEngine    : Starting Servlet engine: [Apache Tomcat/10.1.24]
2024-06-20T12:11:02.939+02:00  INFO 7284 --- [logging] [restartedMain] o.a.c.c.C.[Tomcat].[localhost].[/]       : Initializing Spring embedded WebApplicationContext
2024-06-20T12:11:02.940+02:00  INFO 7284 --- [logging] [restartedMain] w.s.c.ServletWebServerApplicationContext : Root WebApplicationContext: initialization completed in 1910 ms
2024-06-20T12:11:03.514+02:00  INFO 7284 --- [logging] [restartedMain] o.s.b.d.a.OptionalLiveReloadServer       : LiveReload server is running on port 35729
2024-06-20T12:11:03.553+02:00  INFO 7284 --- [logging] [restartedMain] o.s.b.w.embedded.tomcat.TomcatWebServer  : Tomcat started on port 8080 (http) with context path '/'
2024-06-20T12:11:03.566+02:00  INFO 7284 --- [logging] [restartedMain] com.example.Logging.LoggingApplication   : Started LoggingApplication in 3.261 seconds (process running for 4.475)
2024-06-20T12:12:00.943+02:00  INFO 7284 --- [logging] [http-nio-8080-exec-2] o.a.c.c.C.[Tomcat].[localhost].[/]       : Initializing Spring DispatcherServlet 'dispatcherServlet'
2024-06-20T12:12:00.944+02:00  INFO 7284 --- [logging] [http-nio-8080-exec-2] o.s.web.servlet.DispatcherServlet        : Initializing Servlet 'dispatcherServlet'
2024-06-20T12:12:00.947+02:00  INFO 7284 --- [logging] [http-nio-8080-exec-2] o.s.web.servlet.DispatcherServlet        : Completed initialization in 1 ms
2024-06-20T12:12:59.444+02:00 ERROR 7284 --- [logging] [http-nio-8080-exec-5] c.e.Logging.controllers.BasicController  : Custom error endpoint triggered
2024-06-20T12:17:52.574+02:00  INFO 19844 --- [logging] [restartedMain] com.example.Logging.LoggingApplication   : Starting LoggingApplication using Java 21.0.3 with PID 19844 (C:\Users\picci\Desktop\Logging\target\classes started by picci in C:\Users\picci\Desktop\Logging)
2024-06-20T12:17:52.577+02:00  INFO 19844 --- [logging] [restartedMain] com.example.Logging.LoggingApplication   : No active profile set, falling back to 1 default profile: "default"
2024-06-20T12:17:52.699+02:00  INFO 19844 --- [logging] [restartedMain] .e.DevToolsPropertyDefaultsPostProcessor : Devtools property defaults active! Set 'spring.devtools.add-properties' to 'false' to disable
2024-06-20T12:17:52.699+02:00  INFO 19844 --- [logging] [restartedMain] .e.DevToolsPropertyDefaultsPostProcessor : For additional web related logging consider setting the 'logging.level.web' property to 'DEBUG'
2024-06-20T12:17:54.455+02:00  INFO 19844 --- [logging] [restartedMain] o.s.b.w.embedded.tomcat.TomcatWebServer  : Tomcat initialized with port 8080 (http)
2024-06-20T12:17:54.482+02:00  INFO 19844 --- [logging] [restartedMain] o.apache.catalina.core.StandardService   : Starting service [Tomcat]
2024-06-20T12:17:54.483+02:00  INFO 19844 --- [logging] [restartedMain] o.apache.catalina.core.StandardEngine    : Starting Servlet engine: [Apache Tomcat/10.1.24]
2024-06-20T12:17:54.558+02:00  INFO 19844 --- [logging] [restartedMain] o.a.c.c.C.[Tomcat].[localhost].[/]       : Initializing Spring embedded WebApplicationContext
2024-06-20T12:17:54.559+02:00  INFO 19844 --- [logging] [restartedMain] w.s.c.ServletWebServerApplicationContext : Root WebApplicationContext: initialization completed in 1857 ms
2024-06-20T12:17:55.080+02:00  INFO 19844 --- [logging] [restartedMain] o.s.b.d.a.OptionalLiveReloadServer       : LiveReload server is running on port 35729
2024-06-20T12:17:55.113+02:00  INFO 19844 --- [logging] [restartedMain] o.s.b.w.embedded.tomcat.TomcatWebServer  : Tomcat started on port 8080 (http) with context path '/'
2024-06-20T12:17:55.123+02:00  INFO 19844 --- [logging] [restartedMain] com.example.Logging.LoggingApplication   : Started LoggingApplication in 3.243 seconds (process running for 4.438)
2024-06-20T12:18:05.590+02:00  INFO 19844 --- [logging] [http-nio-8080-exec-2] o.a.c.c.C.[Tomcat].[localhost].[/]       : Initializing Spring DispatcherServlet 'dispatcherServlet'
2024-06-20T12:18:05.591+02:00  INFO 19844 --- [logging] [http-nio-8080-exec-2] o.s.web.servlet.DispatcherServlet        : Initializing Servlet 'dispatcherServlet'
2024-06-20T12:18:05.593+02:00  INFO 19844 --- [logging] [http-nio-8080-exec-2] o.s.web.servlet.DispatcherServlet        : Completed initialization in 2 ms
2024-06-20T12:19:50.977+02:00  INFO 17044 --- [logging] [restartedMain] com.example.Logging.LoggingApplication   : Starting LoggingApplication using Java 21.0.3 with PID 17044 (C:\Users\picci\Desktop\Logging\target\classes started by picci in C:\Users\picci\Desktop\Logging)
2024-06-20T12:19:50.981+02:00  INFO 17044 --- [logging] [restartedMain] com.example.Logging.LoggingApplication   : No active profile set, falling back to 1 default profile: "default"
2024-06-20T12:19:51.106+02:00  INFO 17044 --- [logging] [restartedMain] .e.DevToolsPropertyDefaultsPostProcessor : Devtools property defaults active! Set 'spring.devtools.add-properties' to 'false' to disable
2024-06-20T12:19:51.106+02:00  INFO 17044 --- [logging] [restartedMain] .e.DevToolsPropertyDefaultsPostProcessor : For additional web related logging consider setting the 'logging.level.web' property to 'DEBUG'
2024-06-20T12:19:52.919+02:00  INFO 17044 --- [logging] [restartedMain] o.s.b.w.embedded.tomcat.TomcatWebServer  : Tomcat initialized with port 8080 (http)
2024-06-20T12:19:52.938+02:00  INFO 17044 --- [logging] [restartedMain] o.apache.catalina.core.StandardService   : Starting service [Tomcat]
2024-06-20T12:19:52.938+02:00  INFO 17044 --- [logging] [restartedMain] o.apache.catalina.core.StandardEngine    : Starting Servlet engine: [Apache Tomcat/10.1.24]
2024-06-20T12:19:53.022+02:00  INFO 17044 --- [logging] [restartedMain] o.a.c.c.C.[Tomcat].[localhost].[/]       : Initializing Spring embedded WebApplicationContext
2024-06-20T12:19:53.023+02:00  INFO 17044 --- [logging] [restartedMain] w.s.c.ServletWebServerApplicationContext : Root WebApplicationContext: initialization completed in 1916 ms
2024-06-20T12:19:53.579+02:00  INFO 17044 --- [logging] [restartedMain] o.s.b.d.a.OptionalLiveReloadServer       : LiveReload server is running on port 35729
2024-06-20T12:19:53.626+02:00  INFO 17044 --- [logging] [restartedMain] o.s.b.w.embedded.tomcat.TomcatWebServer  : Tomcat started on port 8080 (http) with context path '/'
2024-06-20T12:19:53.641+02:00  INFO 17044 --- [logging] [restartedMain] com.example.Logging.LoggingApplication   : Started LoggingApplication in 3.402 seconds (process running for 4.622)
2024-06-20T12:20:00.554+02:00  INFO 17044 --- [logging] [http-nio-8080-exec-2] o.a.c.c.C.[Tomcat].[localhost].[/]       : Initializing Spring DispatcherServlet 'dispatcherServlet'
2024-06-20T12:20:00.554+02:00  INFO 17044 --- [logging] [http-nio-8080-exec-2] o.s.web.servlet.DispatcherServlet        : Initializing Servlet 'dispatcherServlet'
2024-06-20T12:20:00.557+02:00  INFO 17044 --- [logging] [http-nio-8080-exec-2] o.s.web.servlet.DispatcherServlet        : Completed initialization in 3 ms
2024-06-20T12:20:57.653+02:00  INFO 15536 --- [logging] [restartedMain] com.example.Logging.LoggingApplication   : Starting LoggingApplication using Java 21.0.3 with PID 15536 (C:\Users\picci\Desktop\Logging\target\classes started by picci in C:\Users\picci\Desktop\Logging)
2024-06-20T12:20:57.656+02:00  INFO 15536 --- [logging] [restartedMain] com.example.Logging.LoggingApplication   : No active profile set, falling back to 1 default profile: "default"
2024-06-20T12:20:57.781+02:00  INFO 15536 --- [logging] [restartedMain] .e.DevToolsPropertyDefaultsPostProcessor : Devtools property defaults active! Set 'spring.devtools.add-properties' to 'false' to disable
2024-06-20T12:20:57.781+02:00  INFO 15536 --- [logging] [restartedMain] .e.DevToolsPropertyDefaultsPostProcessor : For additional web related logging consider setting the 'logging.level.web' property to 'DEBUG'
2024-06-20T12:20:59.557+02:00  INFO 15536 --- [logging] [restartedMain] o.s.b.w.embedded.tomcat.TomcatWebServer  : Tomcat initialized with port 8080 (http)
2024-06-20T12:20:59.577+02:00  INFO 15536 --- [logging] [restartedMain] o.apache.catalina.core.StandardService   : Starting service [Tomcat]
2024-06-20T12:20:59.579+02:00  INFO 15536 --- [logging] [restartedMain] o.apache.catalina.core.StandardEngine    : Starting Servlet engine: [Apache Tomcat/10.1.24]
2024-06-20T12:20:59.641+02:00  INFO 15536 --- [logging] [restartedMain] o.a.c.c.C.[Tomcat].[localhost].[/]       : Initializing Spring embedded WebApplicationContext
2024-06-20T12:20:59.643+02:00  INFO 15536 --- [logging] [restartedMain] w.s.c.ServletWebServerApplicationContext : Root WebApplicationContext: initialization completed in 1860 ms
2024-06-20T12:21:00.179+02:00  INFO 15536 --- [logging] [restartedMain] o.s.b.d.a.OptionalLiveReloadServer       : LiveReload server is running on port 35729
2024-06-20T12:21:00.218+02:00  INFO 15536 --- [logging] [restartedMain] o.s.b.w.embedded.tomcat.TomcatWebServer  : Tomcat started on port 8080 (http) with context path '/'
2024-06-20T12:21:00.232+02:00  INFO 15536 --- [logging] [restartedMain] com.example.Logging.LoggingApplication   : Started LoggingApplication in 3.279 seconds (process running for 4.518)
2024-06-20T12:21:07.043+02:00  INFO 15536 --- [logging] [http-nio-8080-exec-1] o.a.c.c.C.[Tomcat].[localhost].[/]       : Initializing Spring DispatcherServlet 'dispatcherServlet'
2024-06-20T12:21:07.044+02:00  INFO 15536 --- [logging] [http-nio-8080-exec-1] o.s.web.servlet.DispatcherServlet        : Initializing Servlet 'dispatcherServlet'
2024-06-20T12:21:07.045+02:00  INFO 15536 --- [logging] [http-nio-8080-exec-1] o.s.web.servlet.DispatcherServlet        : Completed initialization in 1 ms
2024-06-20T12:22:28.847+02:00  INFO 7500 --- [logging] [restartedMain] com.example.Logging.LoggingApplication   : Starting LoggingApplication using Java 21.0.3 with PID 7500 (C:\Users\picci\Desktop\Logging\target\classes started by picci in C:\Users\picci\Desktop\Logging)
2024-06-20T12:22:28.851+02:00  INFO 7500 --- [logging] [restartedMain] com.example.Logging.LoggingApplication   : No active profile set, falling back to 1 default profile: "default"
2024-06-20T12:22:28.979+02:00  INFO 7500 --- [logging] [restartedMain] .e.DevToolsPropertyDefaultsPostProcessor : Devtools property defaults active! Set 'spring.devtools.add-properties' to 'false' to disable
2024-06-20T12:22:28.980+02:00  INFO 7500 --- [logging] [restartedMain] .e.DevToolsPropertyDefaultsPostProcessor : For additional web related logging consider setting the 'logging.level.web' property to 'DEBUG'
2024-06-20T12:22:30.723+02:00  INFO 7500 --- [logging] [restartedMain] o.s.b.w.embedded.tomcat.TomcatWebServer  : Tomcat initialized with port 8080 (http)
2024-06-20T12:22:30.750+02:00  INFO 7500 --- [logging] [restartedMain] o.apache.catalina.core.StandardService   : Starting service [Tomcat]
2024-06-20T12:22:30.751+02:00  INFO 7500 --- [logging] [restartedMain] o.apache.catalina.core.StandardEngine    : Starting Servlet engine: [Apache Tomcat/10.1.24]
2024-06-20T12:22:30.822+02:00  INFO 7500 --- [logging] [restartedMain] o.a.c.c.C.[Tomcat].[localhost].[/]       : Initializing Spring embedded WebApplicationContext
2024-06-20T12:22:30.822+02:00  INFO 7500 --- [logging] [restartedMain] w.s.c.ServletWebServerApplicationContext : Root WebApplicationContext: initialization completed in 1841 ms
2024-06-20T12:22:31.350+02:00  INFO 7500 --- [logging] [restartedMain] o.s.b.d.a.OptionalLiveReloadServer       : LiveReload server is running on port 35729
2024-06-20T12:22:31.396+02:00  INFO 7500 --- [logging] [restartedMain] o.s.b.w.embedded.tomcat.TomcatWebServer  : Tomcat started on port 8080 (http) with context path '/'
2024-06-20T12:22:31.409+02:00  INFO 7500 --- [logging] [restartedMain] com.example.Logging.LoggingApplication   : Started LoggingApplication in 3.319 seconds (process running for 4.622)
2024-06-20T12:22:31.547+02:00  INFO 7500 --- [logging] [http-nio-8080-exec-1] o.a.c.c.C.[Tomcat].[localhost].[/]       : Initializing Spring DispatcherServlet 'dispatcherServlet'
2024-06-20T12:22:31.547+02:00  INFO 7500 --- [logging] [http-nio-8080-exec-1] o.s.web.servlet.DispatcherServlet        : Initializing Servlet 'dispatcherServlet'
2024-06-20T12:22:31.549+02:00  INFO 7500 --- [logging] [http-nio-8080-exec-1] o.s.web.servlet.DispatcherServlet        : Completed initialization in 0 ms
2024-06-20T12:23:48.887+02:00  INFO 17472 --- [logging] [restartedMain] com.example.Logging.LoggingApplication   : Starting LoggingApplication using Java 21.0.3 with PID 17472 (C:\Users\picci\Desktop\Logging\target\classes started by picci in C:\Users\picci\Desktop\Logging)
2024-06-20T12:23:48.891+02:00  INFO 17472 --- [logging] [restartedMain] com.example.Logging.LoggingApplication   : No active profile set, falling back to 1 default profile: "default"
2024-06-20T12:23:48.983+02:00  INFO 17472 --- [logging] [restartedMain] .e.DevToolsPropertyDefaultsPostProcessor : Devtools property defaults active! Set 'spring.devtools.add-properties' to 'false' to disable
2024-06-20T12:23:48.983+02:00  INFO 17472 --- [logging] [restartedMain] .e.DevToolsPropertyDefaultsPostProcessor : For additional web related logging consider setting the 'logging.level.web' property to 'DEBUG'
2024-06-20T12:23:50.511+02:00  INFO 17472 --- [logging] [restartedMain] o.s.b.w.embedded.tomcat.TomcatWebServer  : Tomcat initialized with port 8080 (http)
2024-06-20T12:23:50.532+02:00  INFO 17472 --- [logging] [restartedMain] o.apache.catalina.core.StandardService   : Starting service [Tomcat]
2024-06-20T12:23:50.533+02:00  INFO 17472 --- [logging] [restartedMain] o.apache.catalina.core.StandardEngine    : Starting Servlet engine: [Apache Tomcat/10.1.24]
2024-06-20T12:23:50.597+02:00  INFO 17472 --- [logging] [restartedMain] o.a.c.c.C.[Tomcat].[localhost].[/]       : Initializing Spring embedded WebApplicationContext
2024-06-20T12:23:50.598+02:00  INFO 17472 --- [logging] [restartedMain] w.s.c.ServletWebServerApplicationContext : Root WebApplicationContext: initialization completed in 1613 ms
2024-06-20T12:23:51.135+02:00  INFO 17472 --- [logging] [restartedMain] o.s.b.d.a.OptionalLiveReloadServer       : LiveReload server is running on port 35729
2024-06-20T12:23:51.173+02:00  INFO 17472 --- [logging] [restartedMain] o.s.b.w.embedded.tomcat.TomcatWebServer  : Tomcat started on port 8080 (http) with context path '/'
2024-06-20T12:23:51.185+02:00  INFO 17472 --- [logging] [restartedMain] com.example.Logging.LoggingApplication   : Started LoggingApplication in 2.906 seconds (process running for 4.122)
2024-06-20T12:23:58.729+02:00  INFO 17472 --- [logging] [http-nio-8080-exec-1] o.a.c.c.C.[Tomcat].[localhost].[/]       : Initializing Spring DispatcherServlet 'dispatcherServlet'
2024-06-20T12:23:58.729+02:00  INFO 17472 --- [logging] [http-nio-8080-exec-1] o.s.web.servlet.DispatcherServlet        : Initializing Servlet 'dispatcherServlet'
2024-06-20T12:23:58.732+02:00  INFO 17472 --- [logging] [http-nio-8080-exec-1] o.s.web.servlet.DispatcherServlet        : Completed initialization in 1 ms
2024-06-20T12:24:42.208+02:00  INFO 23952 --- [logging] [restartedMain] com.example.Logging.LoggingApplication   : Starting LoggingApplication using Java 21.0.3 with PID 23952 (C:\Users\picci\Desktop\Logging\target\classes started by picci in C:\Users\picci\Desktop\Logging)
2024-06-20T12:24:42.211+02:00  INFO 23952 --- [logging] [restartedMain] com.example.Logging.LoggingApplication   : No active profile set, falling back to 1 default profile: "default"
2024-06-20T12:24:42.313+02:00  INFO 23952 --- [logging] [restartedMain] .e.DevToolsPropertyDefaultsPostProcessor : Devtools property defaults active! Set 'spring.devtools.add-properties' to 'false' to disable
2024-06-20T12:24:42.314+02:00  INFO 23952 --- [logging] [restartedMain] .e.DevToolsPropertyDefaultsPostProcessor : For additional web related logging consider setting the 'logging.level.web' property to 'DEBUG'
2024-06-20T12:24:43.895+02:00  INFO 23952 --- [logging] [restartedMain] o.s.b.w.embedded.tomcat.TomcatWebServer  : Tomcat initialized with port 8080 (http)
2024-06-20T12:24:43.923+02:00  INFO 23952 --- [logging] [restartedMain] o.apache.catalina.core.StandardService   : Starting service [Tomcat]
2024-06-20T12:24:43.923+02:00  INFO 23952 --- [logging] [restartedMain] o.apache.catalina.core.StandardEngine    : Starting Servlet engine: [Apache Tomcat/10.1.24]
2024-06-20T12:24:43.986+02:00  INFO 23952 --- [logging] [restartedMain] o.a.c.c.C.[Tomcat].[localhost].[/]       : Initializing Spring embedded WebApplicationContext
2024-06-20T12:24:43.987+02:00  INFO 23952 --- [logging] [restartedMain] w.s.c.ServletWebServerApplicationContext : Root WebApplicationContext: initialization completed in 1672 ms
2024-06-20T12:24:44.519+02:00  INFO 23952 --- [logging] [restartedMain] o.s.b.d.a.OptionalLiveReloadServer       : LiveReload server is running on port 35729
2024-06-20T12:24:44.560+02:00  INFO 23952 --- [logging] [restartedMain] o.s.b.w.embedded.tomcat.TomcatWebServer  : Tomcat started on port 8080 (http) with context path '/'
2024-06-20T12:24:44.576+02:00  INFO 23952 --- [logging] [restartedMain] com.example.Logging.LoggingApplication   : Started LoggingApplication in 2.977 seconds (process running for 4.152)
2024-06-20T12:24:52.106+02:00  INFO 23952 --- [logging] [http-nio-8080-exec-1] o.a.c.c.C.[Tomcat].[localhost].[/]       : Initializing Spring DispatcherServlet 'dispatcherServlet'
2024-06-20T12:24:52.107+02:00  INFO 23952 --- [logging] [http-nio-8080-exec-1] o.s.web.servlet.DispatcherServlet        : Initializing Servlet 'dispatcherServlet'
2024-06-20T12:24:52.108+02:00  INFO 23952 --- [logging] [http-nio-8080-exec-1] o.s.web.servlet.DispatcherServlet        : Completed initialization in 1 ms
2024-06-20T12:26:04.357+02:00  INFO 8540 --- [logging] [restartedMain] com.example.Logging.LoggingApplication   : Starting LoggingApplication using Java 21.0.3 with PID 8540 (C:\Users\picci\Desktop\Logging\target\classes started by picci in C:\Users\picci\Desktop\Logging)
2024-06-20T12:26:04.361+02:00  INFO 8540 --- [logging] [restartedMain] com.example.Logging.LoggingApplication   : No active profile set, falling back to 1 default profile: "default"
2024-06-20T12:26:04.453+02:00  INFO 8540 --- [logging] [restartedMain] .e.DevToolsPropertyDefaultsPostProcessor : Devtools property defaults active! Set 'spring.devtools.add-properties' to 'false' to disable
2024-06-20T12:26:04.453+02:00  INFO 8540 --- [logging] [restartedMain] .e.DevToolsPropertyDefaultsPostProcessor : For additional web related logging consider setting the 'logging.level.web' property to 'DEBUG'
2024-06-20T12:26:06.055+02:00  INFO 8540 --- [logging] [restartedMain] o.s.b.w.embedded.tomcat.TomcatWebServer  : Tomcat initialized with port 8080 (http)
2024-06-20T12:26:06.085+02:00  INFO 8540 --- [logging] [restartedMain] o.apache.catalina.core.StandardService   : Starting service [Tomcat]
2024-06-20T12:26:06.086+02:00  INFO 8540 --- [logging] [restartedMain] o.apache.catalina.core.StandardEngine    : Starting Servlet engine: [Apache Tomcat/10.1.24]
2024-06-20T12:26:06.161+02:00  INFO 8540 --- [logging] [restartedMain] o.a.c.c.C.[Tomcat].[localhost].[/]       : Initializing Spring embedded WebApplicationContext
2024-06-20T12:26:06.161+02:00  INFO 8540 --- [logging] [restartedMain] w.s.c.ServletWebServerApplicationContext : Root WebApplicationContext: initialization completed in 1706 ms
2024-06-20T12:26:06.730+02:00  INFO 8540 --- [logging] [restartedMain] o.s.b.d.a.OptionalLiveReloadServer       : LiveReload server is running on port 35729
2024-06-20T12:26:06.765+02:00  INFO 8540 --- [logging] [restartedMain] o.s.b.w.embedded.tomcat.TomcatWebServer  : Tomcat started on port 8080 (http) with context path '/'
2024-06-20T12:26:06.777+02:00  INFO 8540 --- [logging] [restartedMain] com.example.Logging.LoggingApplication   : Started LoggingApplication in 3.028 seconds (process running for 4.262)
2024-06-20T12:26:15.760+02:00  INFO 8540 --- [logging] [http-nio-8080-exec-1] o.a.c.c.C.[Tomcat].[localhost].[/]       : Initializing Spring DispatcherServlet 'dispatcherServlet'
2024-06-20T12:26:15.760+02:00  INFO 8540 --- [logging] [http-nio-8080-exec-1] o.s.web.servlet.DispatcherServlet        : Initializing Servlet 'dispatcherServlet'
2024-06-20T12:26:15.763+02:00  INFO 8540 --- [logging] [http-nio-8080-exec-1] o.s.web.servlet.DispatcherServlet        : Completed initialization in 3 ms
2024-06-20T12:27:00.314+02:00  INFO 10656 --- [logging] [restartedMain] com.example.Logging.LoggingApplication   : Starting LoggingApplication using Java 21.0.3 with PID 10656 (C:\Users\picci\Desktop\Logging\target\classes started by picci in C:\Users\picci\Desktop\Logging)
2024-06-20T12:27:00.319+02:00  INFO 10656 --- [logging] [restartedMain] com.example.Logging.LoggingApplication   : No active profile set, falling back to 1 default profile: "default"
2024-06-20T12:27:00.468+02:00  INFO 10656 --- [logging] [restartedMain] .e.DevToolsPropertyDefaultsPostProcessor : Devtools property defaults active! Set 'spring.devtools.add-properties' to 'false' to disable
2024-06-20T12:27:00.468+02:00  INFO 10656 --- [logging] [restartedMain] .e.DevToolsPropertyDefaultsPostProcessor : For additional web related logging consider setting the 'logging.level.web' property to 'DEBUG'
2024-06-20T12:27:02.438+02:00  INFO 10656 --- [logging] [restartedMain] o.s.b.w.embedded.tomcat.TomcatWebServer  : Tomcat initialized with port 8080 (http)
2024-06-20T12:27:02.460+02:00  INFO 10656 --- [logging] [restartedMain] o.apache.catalina.core.StandardService   : Starting service [Tomcat]
2024-06-20T12:27:02.460+02:00  INFO 10656 --- [logging] [restartedMain] o.apache.catalina.core.StandardEngine    : Starting Servlet engine: [Apache Tomcat/10.1.24]
2024-06-20T12:27:02.573+02:00  INFO 10656 --- [logging] [restartedMain] o.a.c.c.C.[Tomcat].[localhost].[/]       : Initializing Spring embedded WebApplicationContext
2024-06-20T12:27:02.574+02:00  INFO 10656 --- [logging] [restartedMain] w.s.c.ServletWebServerApplicationContext : Root WebApplicationContext: initialization completed in 2103 ms
2024-06-20T12:27:03.267+02:00  INFO 10656 --- [logging] [restartedMain] o.s.b.d.a.OptionalLiveReloadServer       : LiveReload server is running on port 35729
2024-06-20T12:27:03.320+02:00  INFO 10656 --- [logging] [restartedMain] o.s.b.w.embedded.tomcat.TomcatWebServer  : Tomcat started on port 8080 (http) with context path '/'
2024-06-20T12:27:03.339+02:00  INFO 10656 --- [logging] [restartedMain] com.example.Logging.LoggingApplication   : Started LoggingApplication in 3.786 seconds (process running for 5.09)
2024-06-20T12:27:08.967+02:00  INFO 10656 --- [logging] [http-nio-8080-exec-1] o.a.c.c.C.[Tomcat].[localhost].[/]       : Initializing Spring DispatcherServlet 'dispatcherServlet'
2024-06-20T12:27:08.967+02:00  INFO 10656 --- [logging] [http-nio-8080-exec-1] o.s.web.servlet.DispatcherServlet        : Initializing Servlet 'dispatcherServlet'
2024-06-20T12:27:08.970+02:00  INFO 10656 --- [logging] [http-nio-8080-exec-1] o.s.web.servlet.DispatcherServlet        : Completed initialization in 2 ms
2024-06-20T12:27:09.018+02:00 DEBUG 10656 --- [logging] [http-nio-8080-exec-1] c.example.Logging.services.BasicService  : Calculating 7 raised to the power of 8
2024-06-20T12:27:09.022+02:00 DEBUG 10656 --- [logging] [http-nio-8080-exec-1] c.example.Logging.services.BasicService  : Calculating result 5764801.0
